0 info it worked if it ends with ok
1 verbose cli [ '/Users/heewonahn/opt/anaconda3/bin/node',
1 verbose cli   '/Users/heewonahn/opt/anaconda3/bin/npm',
1 verbose cli   'install' ]
2 info using npm@3.10.10
3 info using node@v6.13.1
4 silly loadCurrentTree Starting
5 silly install loadCurrentTree
6 silly install readLocalPackageData
7 silly install normalizeTree
8 silly loadCurrentTree Finishing
9 silly loadIdealTree Starting
10 silly install loadIdealTree
11 silly cloneCurrentTree Starting
12 silly install cloneCurrentTreeToIdealTree
13 silly cloneCurrentTree Finishing
14 silly loadShrinkwrap Starting
15 silly install loadShrinkwrap
16 silly loadShrinkwrap Finishing
17 silly loadAllDepsIntoIdealTree Starting
18 silly install loadAllDepsIntoIdealTree
19 silly fetchNamedPackageData @supabase/ssr
20 silly mapToRegistry name @supabase/ssr
21 silly mapToRegistry scope (from package name) @supabase
22 verbose mapToRegistry no registry URL found in name for scope @supabase
23 silly mapToRegistry using default registry
24 silly mapToRegistry registry https://registry.npmjs.org/
25 silly mapToRegistry data Result {
25 silly mapToRegistry   raw: '@supabase/ssr',
25 silly mapToRegistry   scope: '@supabase',
25 silly mapToRegistry   escapedName: '@supabase%2fssr',
25 silly mapToRegistry   name: '@supabase/ssr',
25 silly mapToRegistry   rawSpec: '',
25 silly mapToRegistry   spec: 'latest',
25 silly mapToRegistry   type: 'tag' }
26 silly mapToRegistry uri https://registry.npmjs.org/@supabase%2fssr
27 silly fetchNamedPackageData @supabase/supabase-js
28 silly mapToRegistry name @supabase/supabase-js
29 silly mapToRegistry scope (from package name) @supabase
30 verbose mapToRegistry no registry URL found in name for scope @supabase
31 silly mapToRegistry using default registry
32 silly mapToRegistry registry https://registry.npmjs.org/
33 silly mapToRegistry data Result {
33 silly mapToRegistry   raw: '@supabase/supabase-js',
33 silly mapToRegistry   scope: '@supabase',
33 silly mapToRegistry   escapedName: '@supabase%2fsupabase-js',
33 silly mapToRegistry   name: '@supabase/supabase-js',
33 silly mapToRegistry   rawSpec: '',
33 silly mapToRegistry   spec: 'latest',
33 silly mapToRegistry   type: 'tag' }
34 silly mapToRegistry uri https://registry.npmjs.org/@supabase%2fsupabase-js
35 silly fetchNamedPackageData fabric
36 silly mapToRegistry name fabric
37 silly mapToRegistry using default registry
38 silly mapToRegistry registry https://registry.npmjs.org/
39 silly mapToRegistry data Result {
39 silly mapToRegistry   raw: 'fabric',
39 silly mapToRegistry   scope: null,
39 silly mapToRegistry   escapedName: 'fabric',
39 silly mapToRegistry   name: 'fabric',
39 silly mapToRegistry   rawSpec: '',
39 silly mapToRegistry   spec: 'latest',
39 silly mapToRegistry   type: 'tag' }
40 silly mapToRegistry uri https://registry.npmjs.org/fabric
41 silly fetchNamedPackageData gsap
42 silly mapToRegistry name gsap
43 silly mapToRegistry using default registry
44 silly mapToRegistry registry https://registry.npmjs.org/
45 silly mapToRegistry data Result {
45 silly mapToRegistry   raw: 'gsap',
45 silly mapToRegistry   scope: null,
45 silly mapToRegistry   escapedName: 'gsap',
45 silly mapToRegistry   name: 'gsap',
45 silly mapToRegistry   rawSpec: '',
45 silly mapToRegistry   spec: 'latest',
45 silly mapToRegistry   type: 'tag' }
46 silly mapToRegistry uri https://registry.npmjs.org/gsap
47 silly fetchNamedPackageData perfect-freehand
48 silly mapToRegistry name perfect-freehand
49 silly mapToRegistry using default registry
50 silly mapToRegistry registry https://registry.npmjs.org/
51 silly mapToRegistry data Result {
51 silly mapToRegistry   raw: 'perfect-freehand',
51 silly mapToRegistry   scope: null,
51 silly mapToRegistry   escapedName: 'perfect-freehand',
51 silly mapToRegistry   name: 'perfect-freehand',
51 silly mapToRegistry   rawSpec: '',
51 silly mapToRegistry   spec: 'latest',
51 silly mapToRegistry   type: 'tag' }
52 silly mapToRegistry uri https://registry.npmjs.org/perfect-freehand
53 silly fetchNamedPackageData sass
54 silly mapToRegistry name sass
55 silly mapToRegistry using default registry
56 silly mapToRegistry registry https://registry.npmjs.org/
57 silly mapToRegistry data Result {
57 silly mapToRegistry   raw: 'sass',
57 silly mapToRegistry   scope: null,
57 silly mapToRegistry   escapedName: 'sass',
57 silly mapToRegistry   name: 'sass',
57 silly mapToRegistry   rawSpec: '',
57 silly mapToRegistry   spec: 'latest',
57 silly mapToRegistry   type: 'tag' }
58 silly mapToRegistry uri https://registry.npmjs.org/sass
59 verbose request uri https://registry.npmjs.org/gsap
60 verbose request no auth needed
61 info attempt registry request try #1 at 10:35:06 AM
62 verbose request using bearer token for auth
63 verbose request id ad9171d405b440b2
64 verbose etag W/"e566c5ae9813a56e72fd03474f9c3948"
65 verbose lastModified Wed, 15 Jan 2025 23:16:55 GMT
66 http request GET https://registry.npmjs.org/gsap
67 verbose request uri https://registry.npmjs.org/fabric
68 verbose request no auth needed
69 info attempt registry request try #1 at 10:35:06 AM
70 verbose request using bearer token for auth
71 verbose etag W/"75554d08159c4aab8ee9029913841d8d"
72 verbose lastModified Tue, 15 Apr 2025 13:03:45 GMT
73 http request GET https://registry.npmjs.org/fabric
74 verbose request uri https://registry.npmjs.org/@supabase%2fssr
75 verbose request no auth needed
76 info attempt registry request try #1 at 10:35:06 AM
77 verbose request using bearer token for auth
78 verbose etag W/"83ac4d820618be495dd2c670955f0783"
79 verbose lastModified Sun, 16 Mar 2025 17:30:42 GMT
80 http request GET https://registry.npmjs.org/@supabase%2fssr
81 verbose request uri https://registry.npmjs.org/perfect-freehand
82 verbose request no auth needed
83 info attempt registry request try #1 at 10:35:06 AM
84 verbose request using bearer token for auth
85 verbose etag W/"1c2a52df5da3e9b15a1fab743f2ddafd"
86 verbose lastModified Thu, 07 Mar 2024 15:29:03 GMT
87 http request GET https://registry.npmjs.org/perfect-freehand
88 verbose request uri https://registry.npmjs.org/@supabase%2fsupabase-js
89 verbose request no auth needed
90 info attempt registry request try #1 at 10:35:06 AM
91 verbose request using bearer token for auth
92 verbose etag W/"5159acbdb1d642be8cb7d34a4f64ca94"
93 verbose lastModified Sat, 29 Mar 2025 14:23:55 GMT
94 http request GET https://registry.npmjs.org/@supabase%2fsupabase-js
95 verbose request uri https://registry.npmjs.org/sass
96 verbose request no auth needed
97 info attempt registry request try #1 at 10:35:06 AM
98 verbose request using bearer token for auth
99 verbose etag W/"b89da9e2a706b6eadd7f4a52ade8693c"
100 verbose lastModified Fri, 04 Apr 2025 00:11:52 GMT
101 http request GET https://registry.npmjs.org/sass
102 http 200 https://registry.npmjs.org/@supabase%2fssr
103 verbose headers { date: 'Thu, 17 Apr 2025 14:35:07 GMT',
103 verbose headers   'content-type': 'application/json',
103 verbose headers   'transfer-encoding': 'chunked',
103 verbose headers   connection: 'keep-alive',
103 verbose headers   'cf-ray': '931ca5a86ba5b266-ORD',
103 verbose headers   'cf-cache-status': 'HIT',
103 verbose headers   'access-control-allow-origin': '*',
103 verbose headers   'cache-control': 'public, max-age=300',
103 verbose headers   etag: 'W/"83ac4d820618be495dd2c670955f0783"',
103 verbose headers   'last-modified': 'Sun, 16 Mar 2025 17:30:42 GMT',
103 verbose headers   vary: 'accept-encoding, accept',
103 verbose headers   'set-cookie': [ '_cfuvid=m8zxl5nUS3sHVOde6Mpnuf7kSw2AXGHFUZcGUWI3GLc-1744900507027-0.0.1.1-604800000; path=/; domain=.npmjs.org; HttpOnly; Secure; SameSite=None' ],
103 verbose headers   server: 'cloudflare',
103 verbose headers   'content-encoding': 'gzip' }
104 silly get cb [ 200,
104 silly get   { date: 'Thu, 17 Apr 2025 14:35:07 GMT',
104 silly get     'content-type': 'application/json',
104 silly get     'transfer-encoding': 'chunked',
104 silly get     connection: 'keep-alive',
104 silly get     'cf-ray': '931ca5a86ba5b266-ORD',
104 silly get     'cf-cache-status': 'HIT',
104 silly get     'access-control-allow-origin': '*',
104 silly get     'cache-control': 'public, max-age=300',
104 silly get     etag: 'W/"83ac4d820618be495dd2c670955f0783"',
104 silly get     'last-modified': 'Sun, 16 Mar 2025 17:30:42 GMT',
104 silly get     vary: 'accept-encoding, accept',
104 silly get     'set-cookie': [ '_cfuvid=m8zxl5nUS3sHVOde6Mpnuf7kSw2AXGHFUZcGUWI3GLc-1744900507027-0.0.1.1-604800000; path=/; domain=.npmjs.org; HttpOnly; Secure; SameSite=None' ],
104 silly get     server: 'cloudflare',
104 silly get     'content-encoding': 'gzip' } ]
105 verbose get saving @supabase/ssr to /Users/heewonahn/.npm/registry.npmjs.org/_40supabase_252fssr/.cache.json
106 verbose correctMkdir /Users/heewonahn/.npm correctMkdir not in flight; initializing
107 http 200 https://registry.npmjs.org/perfect-freehand
108 verbose headers { date: 'Thu, 17 Apr 2025 14:35:06 GMT',
108 verbose headers   'content-type': 'application/json',
108 verbose headers   'transfer-encoding': 'chunked',
108 verbose headers   connection: 'keep-alive',
108 verbose headers   'cf-ray': '931ca5a84a9801ca-ORD',
108 verbose headers   'cf-cache-status': 'HIT',
108 verbose headers   'access-control-allow-origin': '*',
108 verbose headers   age: '141',
108 verbose headers   'cache-control': 'public, max-age=300',
108 verbose headers   etag: 'W/"1c2a52df5da3e9b15a1fab743f2ddafd"',
108 verbose headers   'last-modified': 'Thu, 07 Mar 2024 15:29:03 GMT',
108 verbose headers   vary: 'accept-encoding, accept',
108 verbose headers   'set-cookie': [ '_cfuvid=oBOomtKfq_uo2Uuj_e7_FvIXXubrCXhK_95oZEaATrE-1744900506946-0.0.1.1-604800000; path=/; domain=.npmjs.org; HttpOnly; Secure; SameSite=None' ],
108 verbose headers   server: 'cloudflare',
108 verbose headers   'content-encoding': 'gzip' }
109 silly get cb [ 200,
109 silly get   { date: 'Thu, 17 Apr 2025 14:35:06 GMT',
109 silly get     'content-type': 'application/json',
109 silly get     'transfer-encoding': 'chunked',
109 silly get     connection: 'keep-alive',
109 silly get     'cf-ray': '931ca5a84a9801ca-ORD',
109 silly get     'cf-cache-status': 'HIT',
109 silly get     'access-control-allow-origin': '*',
109 silly get     age: '141',
109 silly get     'cache-control': 'public, max-age=300',
109 silly get     etag: 'W/"1c2a52df5da3e9b15a1fab743f2ddafd"',
109 silly get     'last-modified': 'Thu, 07 Mar 2024 15:29:03 GMT',
109 silly get     vary: 'accept-encoding, accept',
109 silly get     'set-cookie': [ '_cfuvid=oBOomtKfq_uo2Uuj_e7_FvIXXubrCXhK_95oZEaATrE-1744900506946-0.0.1.1-604800000; path=/; domain=.npmjs.org; HttpOnly; Secure; SameSite=None' ],
109 silly get     server: 'cloudflare',
109 silly get     'content-encoding': 'gzip' } ]
110 verbose get saving perfect-freehand to /Users/heewonahn/.npm/registry.npmjs.org/perfect-freehand/.cache.json
111 verbose correctMkdir /Users/heewonahn/.npm correctMkdir not in flight; initializing
112 http 200 https://registry.npmjs.org/gsap
113 verbose headers { date: 'Thu, 17 Apr 2025 14:35:06 GMT',
113 verbose headers   'content-type': 'application/json',
113 verbose headers   'transfer-encoding': 'chunked',
113 verbose headers   connection: 'keep-alive',
113 verbose headers   'cf-ray': '931ca5a86dcce815-ORD',
113 verbose headers   'cf-cache-status': 'HIT',
113 verbose headers   'access-control-allow-origin': '*',
113 verbose headers   age: '217',
113 verbose headers   'cache-control': 'public, max-age=300',
113 verbose headers   etag: 'W/"e566c5ae9813a56e72fd03474f9c3948"',
113 verbose headers   'last-modified': 'Wed, 15 Jan 2025 23:16:55 GMT',
113 verbose headers   vary: 'accept-encoding, accept',
113 verbose headers   'set-cookie': [ '_cfuvid=aF5DAJwZNo.RWfNYTfJjLr_A._gKfA2nhrfaWqKou4U-1744900506962-0.0.1.1-604800000; path=/; domain=.npmjs.org; HttpOnly; Secure; SameSite=None' ],
113 verbose headers   server: 'cloudflare',
113 verbose headers   'content-encoding': 'gzip' }
114 silly get cb [ 200,
114 silly get   { date: 'Thu, 17 Apr 2025 14:35:06 GMT',
114 silly get     'content-type': 'application/json',
114 silly get     'transfer-encoding': 'chunked',
114 silly get     connection: 'keep-alive',
114 silly get     'cf-ray': '931ca5a86dcce815-ORD',
114 silly get     'cf-cache-status': 'HIT',
114 silly get     'access-control-allow-origin': '*',
114 silly get     age: '217',
114 silly get     'cache-control': 'public, max-age=300',
114 silly get     etag: 'W/"e566c5ae9813a56e72fd03474f9c3948"',
114 silly get     'last-modified': 'Wed, 15 Jan 2025 23:16:55 GMT',
114 silly get     vary: 'accept-encoding, accept',
114 silly get     'set-cookie': [ '_cfuvid=aF5DAJwZNo.RWfNYTfJjLr_A._gKfA2nhrfaWqKou4U-1744900506962-0.0.1.1-604800000; path=/; domain=.npmjs.org; HttpOnly; Secure; SameSite=None' ],
114 silly get     server: 'cloudflare',
114 silly get     'content-encoding': 'gzip' } ]
115 verbose get saving gsap to /Users/heewonahn/.npm/registry.npmjs.org/gsap/.cache.json
116 verbose correctMkdir /Users/heewonahn/.npm correctMkdir not in flight; initializing
117 silly resolveWithNewModule @supabase/ssr@0.6.1 checking installable status
118 silly cache add args [ '@supabase/ssr@^0.6.1', null ]
119 verbose cache add spec @supabase/ssr@^0.6.1
120 silly cache add parsed spec Result {
120 silly cache add   raw: '@supabase/ssr@^0.6.1',
120 silly cache add   scope: '@supabase',
120 silly cache add   escapedName: '@supabase%2fssr',
120 silly cache add   name: '@supabase/ssr',
120 silly cache add   rawSpec: '^0.6.1',
120 silly cache add   spec: '>=0.6.1 <0.7.0',
120 silly cache add   type: 'range' }
121 silly addNamed @supabase/ssr@>=0.6.1 <0.7.0
122 verbose addNamed ">=0.6.1 <0.7.0" is a valid semver range for @supabase/ssr
123 silly addNameRange { name: '@supabase/ssr',
123 silly addNameRange   range: '>=0.6.1 <0.7.0',
123 silly addNameRange   hasData: false }
124 silly mapToRegistry name @supabase/ssr
125 silly mapToRegistry scope (from package name) @supabase
126 verbose mapToRegistry no registry URL found in name for scope @supabase
127 silly mapToRegistry using default registry
128 silly mapToRegistry registry https://registry.npmjs.org/
129 silly mapToRegistry data Result {
129 silly mapToRegistry   raw: '@supabase/ssr',
129 silly mapToRegistry   scope: '@supabase',
129 silly mapToRegistry   escapedName: '@supabase%2fssr',
129 silly mapToRegistry   name: '@supabase/ssr',
129 silly mapToRegistry   rawSpec: '',
129 silly mapToRegistry   spec: 'latest',
129 silly mapToRegistry   type: 'tag' }
130 silly mapToRegistry uri https://registry.npmjs.org/@supabase%2fssr
131 verbose addNameRange registry:https://registry.npmjs.org/@supabase%2fssr not in flight; fetching
132 silly resolveWithNewModule perfect-freehand@1.2.2 checking installable status
133 silly cache add args [ 'perfect-freehand@^1.2.2', null ]
134 verbose cache add spec perfect-freehand@^1.2.2
135 silly cache add parsed spec Result {
135 silly cache add   raw: 'perfect-freehand@^1.2.2',
135 silly cache add   scope: null,
135 silly cache add   escapedName: 'perfect-freehand',
135 silly cache add   name: 'perfect-freehand',
135 silly cache add   rawSpec: '^1.2.2',
135 silly cache add   spec: '>=1.2.2 <2.0.0',
135 silly cache add   type: 'range' }
136 silly addNamed perfect-freehand@>=1.2.2 <2.0.0
137 verbose addNamed ">=1.2.2 <2.0.0" is a valid semver range for perfect-freehand
138 silly addNameRange { name: 'perfect-freehand',
138 silly addNameRange   range: '>=1.2.2 <2.0.0',
138 silly addNameRange   hasData: false }
139 silly mapToRegistry name perfect-freehand
140 silly mapToRegistry using default registry
141 silly mapToRegistry registry https://registry.npmjs.org/
142 silly mapToRegistry data Result {
142 silly mapToRegistry   raw: 'perfect-freehand',
142 silly mapToRegistry   scope: null,
142 silly mapToRegistry   escapedName: 'perfect-freehand',
142 silly mapToRegistry   name: 'perfect-freehand',
142 silly mapToRegistry   rawSpec: '',
142 silly mapToRegistry   spec: 'latest',
142 silly mapToRegistry   type: 'tag' }
143 silly mapToRegistry uri https://registry.npmjs.org/perfect-freehand
144 verbose addNameRange registry:https://registry.npmjs.org/perfect-freehand not in flight; fetching
145 verbose get https://registry.npmjs.org/@supabase%2fssr not expired, no request
146 silly addNameRange number 2 { name: '@supabase/ssr', range: '>=0.6.1 <0.7.0', hasData: true }
147 silly addNameRange versions [ '@supabase/ssr',
147 silly addNameRange   [ '0.0.1',
147 silly addNameRange     '0.0.2',
147 silly addNameRange     '0.0.3',
147 silly addNameRange     '0.0.4',
147 silly addNameRange     '0.0.5',
147 silly addNameRange     '0.0.6',
147 silly addNameRange     '0.0.7',
147 silly addNameRange     '0.0.8',
147 silly addNameRange     '0.0.9',
147 silly addNameRange     '0.0.10',
147 silly addNameRange     '0.1.0',
147 silly addNameRange     '0.2.0',
147 silly addNameRange     '0.3.0',
147 silly addNameRange     '0.4.0-rc.2',
147 silly addNameRange     '0.4.0-rc.3',
147 silly addNameRange     '0.4.0-rc.4',
147 silly addNameRange     '0.4.0-rc.5',
147 silly addNameRange     '0.4.0-rc.6',
147 silly addNameRange     '0.4.0',
147 silly addNameRange     '0.4.1-rc.1',
147 silly addNameRange     '0.4.1-rc.2',
147 silly addNameRange     '0.4.1-rc.3',
147 silly addNameRange     '0.5.0-rc.4',
147 silly addNameRange     '0.4.1',
147 silly addNameRange     '0.5.0-rc.5',
147 silly addNameRange     '0.5.0-rc.7',
147 silly addNameRange     '0.5.0-rc.8',
147 silly addNameRange     '0.5.0',
147 silly addNameRange     '0.5.1-rc.1',
147 silly addNameRange     '0.5.1-rc.2',
147 silly addNameRange     '0.5.1',
147 silly addNameRange     '0.5.2-rc.1',
147 silly addNameRange     '0.5.2-rc.2',
147 silly addNameRange     '0.5.2-rc.3',
147 silly addNameRange     '0.5.2-rc.4',
147 silly addNameRange     '0.5.2-rc.5',
147 silly addNameRange     '0.5.2-rc.7',
147 silly addNameRange     '0.5.2',
147 silly addNameRange     '0.6.0-rc.1',
147 silly addNameRange     '0.6.0-rc.2',
147 silly addNameRange     '0.6.0-rc.3',
147 silly addNameRange     '0.6.0-rc.5',
147 silly addNameRange     '0.6.0',
147 silly addNameRange     '0.6.1-rc.2',
147 silly addNameRange     '0.6.1-rc.3',
147 silly addNameRange     '0.6.1' ] ]
148 silly addNamed @supabase/ssr@0.6.1
149 verbose addNamed "0.6.1" is a plain semver version for @supabase/ssr
150 verbose get https://registry.npmjs.org/perfect-freehand not expired, no request
151 silly addNameRange number 2 { name: 'perfect-freehand',
151 silly addNameRange   range: '>=1.2.2 <2.0.0',
151 silly addNameRange   hasData: true }
152 silly addNameRange versions [ 'perfect-freehand',
152 silly addNameRange   [ '0.5.0',
152 silly addNameRange     '0.5.1',
152 silly addNameRange     '0.5.2',
152 silly addNameRange     '0.5.3',
152 silly addNameRange     '0.5.4',
152 silly addNameRange     '1.0.0',
152 silly addNameRange     '1.0.1',
152 silly addNameRange     '1.0.2',
152 silly addNameRange     '1.0.3',
152 silly addNameRange     '1.0.4',
152 silly addNameRange     '1.0.5',
152 silly addNameRange     '1.0.6',
152 silly addNameRange     '1.0.7',
152 silly addNameRange     '1.0.8',
152 silly addNameRange     '1.0.9',
152 silly addNameRange     '1.0.10',
152 silly addNameRange     '1.0.11',
152 silly addNameRange     '1.0.12',
152 silly addNameRange     '1.0.13',
152 silly addNameRange     '1.0.14',
152 silly addNameRange     '1.0.15',
152 silly addNameRange     '1.0.16',
152 silly addNameRange     '1.1.0',
152 silly addNameRange     '1.2.0',
152 silly addNameRange     '1.2.1',
152 silly addNameRange     '1.2.2' ] ]
153 silly addNamed perfect-freehand@1.2.2
154 verbose addNamed "1.2.2" is a plain semver version for perfect-freehand
155 silly resolveWithNewModule gsap@3.12.7 checking installable status
156 silly cache add args [ 'gsap@^3.12.7', null ]
157 verbose cache add spec gsap@^3.12.7
158 silly cache add parsed spec Result {
158 silly cache add   raw: 'gsap@^3.12.7',
158 silly cache add   scope: null,
158 silly cache add   escapedName: 'gsap',
158 silly cache add   name: 'gsap',
158 silly cache add   rawSpec: '^3.12.7',
158 silly cache add   spec: '>=3.12.7 <4.0.0',
158 silly cache add   type: 'range' }
159 silly addNamed gsap@>=3.12.7 <4.0.0
160 verbose addNamed ">=3.12.7 <4.0.0" is a valid semver range for gsap
161 silly addNameRange { name: 'gsap', range: '>=3.12.7 <4.0.0', hasData: false }
162 silly mapToRegistry name gsap
163 silly mapToRegistry using default registry
164 silly mapToRegistry registry https://registry.npmjs.org/
165 silly mapToRegistry data Result {
165 silly mapToRegistry   raw: 'gsap',
165 silly mapToRegistry   scope: null,
165 silly mapToRegistry   escapedName: 'gsap',
165 silly mapToRegistry   name: 'gsap',
165 silly mapToRegistry   rawSpec: '',
165 silly mapToRegistry   spec: 'latest',
165 silly mapToRegistry   type: 'tag' }
166 silly mapToRegistry uri https://registry.npmjs.org/gsap
167 verbose addNameRange registry:https://registry.npmjs.org/gsap not in flight; fetching
168 silly cache afterAdd @supabase/ssr@0.6.1
169 verbose afterAdd /Users/heewonahn/.npm/@supabase/ssr/0.6.1/package/package.json not in flight; writing
170 verbose correctMkdir /Users/heewonahn/.npm correctMkdir not in flight; initializing
171 silly cache afterAdd perfect-freehand@1.2.2
172 verbose afterAdd /Users/heewonahn/.npm/perfect-freehand/1.2.2/package/package.json not in flight; writing
173 verbose correctMkdir /Users/heewonahn/.npm correctMkdir not in flight; initializing
174 verbose get https://registry.npmjs.org/gsap not expired, no request
175 silly addNameRange number 2 { name: 'gsap', range: '>=3.12.7 <4.0.0', hasData: true }
176 silly addNameRange versions [ 'gsap',
176 silly addNameRange   [ '1.13.2',
176 silly addNameRange     '1.14.1',
176 silly addNameRange     '1.14.2',
176 silly addNameRange     '1.15.0',
176 silly addNameRange     '1.15.1',
176 silly addNameRange     '1.16.0',
176 silly addNameRange     '1.16.1',
176 silly addNameRange     '1.17.0',
176 silly addNameRange     '1.18.0',
176 silly addNameRange     '1.18.2',
176 silly addNameRange     '1.18.3',
176 silly addNameRange     '1.18.4',
176 silly addNameRange     '1.18.5',
176 silly addNameRange     '1.19.0',
176 silly addNameRange     '1.19.1',
176 silly addNameRange     '1.20.0',
176 silly addNameRange     '1.20.1',
176 silly addNameRange     '1.20.2',
176 silly addNameRange     '1.20.3',
176 silly addNameRange     '1.20.4',
176 silly addNameRange     '1.20.5',
176 silly addNameRange     '1.20.6',
176 silly addNameRange     '2.0.0',
176 silly addNameRange     '2.0.1',
176 silly addNameRange     '2.0.2',
176 silly addNameRange     '2.1.0',
176 silly addNameRange     '2.1.1',
176 silly addNameRange     '2.1.2',
176 silly addNameRange     '2.1.3',
176 silly addNameRange     '3.0.0-beta.7',
176 silly addNameRange     '3.0.0-beta.8',
176 silly addNameRange     '3.0.0-beta.10',
176 silly addNameRange     '3.0.0-beta.11',
176 silly addNameRange     '3.0.0',
176 silly addNameRange     '3.0.1',
176 silly addNameRange     '3.0.2',
176 silly addNameRange     '3.0.3',
176 silly addNameRange     '3.0.4',
176 silly addNameRange     '3.0.5',
176 silly addNameRange     '3.1.0',
176 silly addNameRange     '3.1.1',
176 silly addNameRange     '3.2.0',
176 silly addNameRange     '3.2.1',
176 silly addNameRange     '3.2.2',
176 silly addNameRange     '3.2.3',
176 silly addNameRange     '3.2.4',
176 silly addNameRange     '3.2.5',
176 silly addNameRange     '3.2.6',
176 silly addNameRange     '3.3.0',
176 silly addNameRange     '3.3.1',
176 silly addNameRange     '3.3.2',
176 silly addNameRange     '3.3.3',
176 silly addNameRange     '3.3.4',
176 silly addNameRange     '3.4.0',
176 silly addNameRange     '3.4.1',
176 silly addNameRange     '3.4.2',
176 silly addNameRange     '3.5.0',
176 silly addNameRange     '3.5.1',
176 silly addNameRange     '3.6.0',
176 silly addNameRange     '3.6.1',
176 silly addNameRange     '3.7.0',
176 silly addNameRange     '3.7.1',
176 silly addNameRange     '3.8.0',
176 silly addNameRange     '3.9.0',
176 silly addNameRange     '3.9.1',
176 silly addNameRange     '3.10.0',
176 silly addNameRange     '3.10.1',
176 silly addNameRange     '3.10.2',
176 silly addNameRange     '3.10.3',
176 silly addNameRange     '3.10.4',
176 silly addNameRange     '3.11.0',
176 silly addNameRange     '3.11.1',
176 silly addNameRange     '3.11.2',
176 silly addNameRange     '3.11.3',
176 silly addNameRange     '3.11.4',
176 silly addNameRange     '3.11.5',
176 silly addNameRange     '3.12.0',
176 silly addNameRange     '3.12.1',
176 silly addNameRange     '3.12.2',
176 silly addNameRange     '3.12.3',
176 silly addNameRange     '3.12.4',
176 silly addNameRange     '3.12.5',
176 silly addNameRange     '3.12.6',
176 silly addNameRange     '3.12.7' ] ]
177 silly addNamed gsap@3.12.7
178 verbose addNamed "3.12.7" is a plain semver version for gsap
179 verbose afterAdd /Users/heewonahn/.npm/@supabase/ssr/0.6.1/package/package.json written
180 verbose afterAdd /Users/heewonahn/.npm/perfect-freehand/1.2.2/package/package.json written
181 silly cache afterAdd gsap@3.12.7
182 verbose afterAdd /Users/heewonahn/.npm/gsap/3.12.7/package/package.json not in flight; writing
183 verbose correctMkdir /Users/heewonahn/.npm correctMkdir not in flight; initializing
184 http 200 https://registry.npmjs.org/sass
185 verbose headers { date: 'Thu, 17 Apr 2025 14:35:06 GMT',
185 verbose headers   'content-type': 'application/json',
185 verbose headers   'transfer-encoding': 'chunked',
185 verbose headers   connection: 'keep-alive',
185 verbose headers   'cf-ray': '931ca5a86f8f8726-ORD',
185 verbose headers   'cf-cache-status': 'HIT',
185 verbose headers   'access-control-allow-origin': '*',
185 verbose headers   age: '231',
185 verbose headers   'cache-control': 'public, max-age=300',
185 verbose headers   etag: 'W/"b89da9e2a706b6eadd7f4a52ade8693c"',
185 verbose headers   'last-modified': 'Fri, 04 Apr 2025 00:11:52 GMT',
185 verbose headers   vary: 'accept-encoding, accept',
185 verbose headers   'set-cookie': [ '_cfuvid=6.FDPaAu_DxXwTcDBSQ.w.wCY6HP88Z_pajtT8B2OV8-1744900506969-0.0.1.1-604800000; path=/; domain=.npmjs.org; HttpOnly; Secure; SameSite=None' ],
185 verbose headers   server: 'cloudflare',
185 verbose headers   'content-encoding': 'gzip' }
186 silly get cb [ 200,
186 silly get   { date: 'Thu, 17 Apr 2025 14:35:06 GMT',
186 silly get     'content-type': 'application/json',
186 silly get     'transfer-encoding': 'chunked',
186 silly get     connection: 'keep-alive',
186 silly get     'cf-ray': '931ca5a86f8f8726-ORD',
186 silly get     'cf-cache-status': 'HIT',
186 silly get     'access-control-allow-origin': '*',
186 silly get     age: '231',
186 silly get     'cache-control': 'public, max-age=300',
186 silly get     etag: 'W/"b89da9e2a706b6eadd7f4a52ade8693c"',
186 silly get     'last-modified': 'Fri, 04 Apr 2025 00:11:52 GMT',
186 silly get     vary: 'accept-encoding, accept',
186 silly get     'set-cookie': [ '_cfuvid=6.FDPaAu_DxXwTcDBSQ.w.wCY6HP88Z_pajtT8B2OV8-1744900506969-0.0.1.1-604800000; path=/; domain=.npmjs.org; HttpOnly; Secure; SameSite=None' ],
186 silly get     server: 'cloudflare',
186 silly get     'content-encoding': 'gzip' } ]
187 verbose get saving sass to /Users/heewonahn/.npm/registry.npmjs.org/sass/.cache.json
188 verbose correctMkdir /Users/heewonahn/.npm correctMkdir not in flight; initializing
189 verbose afterAdd /Users/heewonahn/.npm/gsap/3.12.7/package/package.json written
190 silly resolveWithNewModule sass@1.86.3 checking installable status
191 http 200 https://registry.npmjs.org/fabric
192 verbose headers { date: 'Thu, 17 Apr 2025 14:35:06 GMT',
192 verbose headers   'content-type': 'application/json',
192 verbose headers   'transfer-encoding': 'chunked',
192 verbose headers   connection: 'keep-alive',
192 verbose headers   'cf-ray': '931ca5a85f13a2a1-ORD',
192 verbose headers   'cf-cache-status': 'HIT',
192 verbose headers   'access-control-allow-origin': '*',
192 verbose headers   age: '16',
192 verbose headers   'cache-control': 'public, max-age=300',
192 verbose headers   etag: 'W/"75554d08159c4aab8ee9029913841d8d"',
192 verbose headers   'last-modified': 'Tue, 15 Apr 2025 13:03:45 GMT',
192 verbose headers   vary: 'accept-encoding, accept',
192 verbose headers   'set-cookie': [ '_cfuvid=xe20PHjp56r63qSStxgq3BJKZqET11dUYYJNHEz612A-1744900506965-0.0.1.1-604800000; path=/; domain=.npmjs.org; HttpOnly; Secure; SameSite=None' ],
192 verbose headers   server: 'cloudflare',
192 verbose headers   'content-encoding': 'gzip' }
193 silly get cb [ 200,
193 silly get   { date: 'Thu, 17 Apr 2025 14:35:06 GMT',
193 silly get     'content-type': 'application/json',
193 silly get     'transfer-encoding': 'chunked',
193 silly get     connection: 'keep-alive',
193 silly get     'cf-ray': '931ca5a85f13a2a1-ORD',
193 silly get     'cf-cache-status': 'HIT',
193 silly get     'access-control-allow-origin': '*',
193 silly get     age: '16',
193 silly get     'cache-control': 'public, max-age=300',
193 silly get     etag: 'W/"75554d08159c4aab8ee9029913841d8d"',
193 silly get     'last-modified': 'Tue, 15 Apr 2025 13:03:45 GMT',
193 silly get     vary: 'accept-encoding, accept',
193 silly get     'set-cookie': [ '_cfuvid=xe20PHjp56r63qSStxgq3BJKZqET11dUYYJNHEz612A-1744900506965-0.0.1.1-604800000; path=/; domain=.npmjs.org; HttpOnly; Secure; SameSite=None' ],
193 silly get     server: 'cloudflare',
193 silly get     'content-encoding': 'gzip' } ]
194 verbose get saving fabric to /Users/heewonahn/.npm/registry.npmjs.org/fabric/.cache.json
195 verbose correctMkdir /Users/heewonahn/.npm correctMkdir not in flight; initializing
196 silly resolveWithNewModule fabric@5.5.2 checking installable status
197 http 200 https://registry.npmjs.org/@supabase%2fsupabase-js
198 verbose headers { date: 'Thu, 17 Apr 2025 14:35:07 GMT',
198 verbose headers   'content-type': 'application/json',
198 verbose headers   'transfer-encoding': 'chunked',
198 verbose headers   connection: 'keep-alive',
198 verbose headers   'cf-ray': '931ca5a86d2ae996-ORD',
198 verbose headers   'cf-cache-status': 'HIT',
198 verbose headers   'access-control-allow-origin': '*',
198 verbose headers   'cache-control': 'public, max-age=300',
198 verbose headers   etag: 'W/"5159acbdb1d642be8cb7d34a4f64ca94"',
198 verbose headers   'last-modified': 'Sat, 29 Mar 2025 14:23:55 GMT',
198 verbose headers   vary: 'accept-encoding, accept',
198 verbose headers   'set-cookie': [ '_cfuvid=rhM2dytkL3zg7NvQL5ukpu0c8xlYI9hCe9jw6rJ4LYA-1744900507041-0.0.1.1-604800000; path=/; domain=.npmjs.org; HttpOnly; Secure; SameSite=None' ],
198 verbose headers   server: 'cloudflare',
198 verbose headers   'content-encoding': 'gzip' }
199 silly get cb [ 200,
199 silly get   { date: 'Thu, 17 Apr 2025 14:35:07 GMT',
199 silly get     'content-type': 'application/json',
199 silly get     'transfer-encoding': 'chunked',
199 silly get     connection: 'keep-alive',
199 silly get     'cf-ray': '931ca5a86d2ae996-ORD',
199 silly get     'cf-cache-status': 'HIT',
199 silly get     'access-control-allow-origin': '*',
199 silly get     'cache-control': 'public, max-age=300',
199 silly get     etag: 'W/"5159acbdb1d642be8cb7d34a4f64ca94"',
199 silly get     'last-modified': 'Sat, 29 Mar 2025 14:23:55 GMT',
199 silly get     vary: 'accept-encoding, accept',
199 silly get     'set-cookie': [ '_cfuvid=rhM2dytkL3zg7NvQL5ukpu0c8xlYI9hCe9jw6rJ4LYA-1744900507041-0.0.1.1-604800000; path=/; domain=.npmjs.org; HttpOnly; Secure; SameSite=None' ],
199 silly get     server: 'cloudflare',
199 silly get     'content-encoding': 'gzip' } ]
200 verbose get saving @supabase/supabase-js to /Users/heewonahn/.npm/registry.npmjs.org/_40supabase_252fsupabase-js/.cache.json
201 verbose correctMkdir /Users/heewonahn/.npm correctMkdir not in flight; initializing
202 silly resolveWithNewModule @supabase/supabase-js@2.49.4 checking installable status
203 silly cache add args [ '@supabase/supabase-js@^2.49.4', null ]
204 verbose cache add spec @supabase/supabase-js@^2.49.4
205 silly cache add parsed spec Result {
205 silly cache add   raw: '@supabase/supabase-js@^2.49.4',
205 silly cache add   scope: '@supabase',
205 silly cache add   escapedName: '@supabase%2fsupabase-js',
205 silly cache add   name: '@supabase/supabase-js',
205 silly cache add   rawSpec: '^2.49.4',
205 silly cache add   spec: '>=2.49.4 <3.0.0',
205 silly cache add   type: 'range' }
206 silly addNamed @supabase/supabase-js@>=2.49.4 <3.0.0
207 verbose addNamed ">=2.49.4 <3.0.0" is a valid semver range for @supabase/supabase-js
208 silly addNameRange { name: '@supabase/supabase-js',
208 silly addNameRange   range: '>=2.49.4 <3.0.0',
208 silly addNameRange   hasData: false }
209 silly mapToRegistry name @supabase/supabase-js
210 silly mapToRegistry scope (from package name) @supabase
211 verbose mapToRegistry no registry URL found in name for scope @supabase
212 silly mapToRegistry using default registry
213 silly mapToRegistry registry https://registry.npmjs.org/
214 silly mapToRegistry data Result {
214 silly mapToRegistry   raw: '@supabase/supabase-js',
214 silly mapToRegistry   scope: '@supabase',
214 silly mapToRegistry   escapedName: '@supabase%2fsupabase-js',
214 silly mapToRegistry   name: '@supabase/supabase-js',
214 silly mapToRegistry   rawSpec: '',
214 silly mapToRegistry   spec: 'latest',
214 silly mapToRegistry   type: 'tag' }
215 silly mapToRegistry uri https://registry.npmjs.org/@supabase%2fsupabase-js
216 verbose addNameRange registry:https://registry.npmjs.org/@supabase%2fsupabase-js not in flight; fetching
217 verbose get https://registry.npmjs.org/@supabase%2fsupabase-js not expired, no request
218 silly addNameRange number 2 { name: '@supabase/supabase-js',
218 silly addNameRange   range: '>=2.49.4 <3.0.0',
218 silly addNameRange   hasData: true }
219 silly addNameRange versions [ '@supabase/supabase-js',
219 silly addNameRange   [ '0.1.1',
219 silly addNameRange     '0.1.2',
219 silly addNameRange     '0.1.3',
219 silly addNameRange     '0.1.5',
219 silly addNameRange     '0.1.6',
219 silly addNameRange     '0.1.7',
219 silly addNameRange     '0.1.8',
219 silly addNameRange     '0.1.9',
219 silly addNameRange     '0.1.10',
219 silly addNameRange     '0.1.11',
219 silly addNameRange     '0.1.12',
219 silly addNameRange     '0.1.13',
219 silly addNameRange     '0.1.14',
219 silly addNameRange     '0.1.15',
219 silly addNameRange     '0.1.16',
219 silly addNameRange     '0.1.17',
219 silly addNameRange     '0.1.18',
219 silly addNameRange     '0.1.19',
219 silly addNameRange     '0.1.20',
219 silly addNameRange     '0.1.21',
219 silly addNameRange     '0.1.22',
219 silly addNameRange     '0.1.23',
219 silly addNameRange     '0.1.24',
219 silly addNameRange     '0.1.25',
219 silly addNameRange     '0.1.26',
219 silly addNameRange     '0.1.27',
219 silly addNameRange     '0.1.28',
219 silly addNameRange     '0.1.29',
219 silly addNameRange     '0.1.30',
219 silly addNameRange     '0.1.31',
219 silly addNameRange     '0.1.32',
219 silly addNameRange     '0.1.33',
219 silly addNameRange     '0.34.0',
219 silly addNameRange     '0.34.1',
219 silly addNameRange     '0.34.2',
219 silly addNameRange     '0.34.3',
219 silly addNameRange     '0.34.4',
219 silly addNameRange     '0.34.5',
219 silly addNameRange     '0.35.0',
219 silly addNameRange     '0.34.6',
219 silly addNameRange     '0.35.1',
219 silly addNameRange     '0.35.2',
219 silly addNameRange     '0.35.3',
219 silly addNameRange     '0.35.5',
219 silly addNameRange     '0.35.6',
219 silly addNameRange     '0.35.7',
219 silly addNameRange     '0.35.8',
219 silly addNameRange     '0.35.9',
219 silly addNameRange     '0.35.10',
219 silly addNameRange     '0.35.11',
219 silly addNameRange     '0.36.0',
219 silly addNameRange     '0.36.1',
219 silly addNameRange     '0.36.2',
219 silly addNameRange     '0.36.3',
219 silly addNameRange     '0.36.4',
219 silly addNameRange     '0.36.5',
219 silly addNameRange     '1.0.0',
219 silly addNameRange     '1.0.1',
219 silly addNameRange     '1.0.2',
219 silly addNameRange     '1.0.3',
219 silly addNameRange     '1.0.4',
219 silly addNameRange     '1.0.5',
219 silly addNameRange     '1.0.6',
219 silly addNameRange     '1.0.7',
219 silly addNameRange     '1.1.0',
219 silly addNameRange     '1.1.1',
219 silly addNameRange     '1.1.2',
219 silly addNameRange     '1.1.3',
219 silly addNameRange     '1.1.4',
219 silly addNameRange     '1.1.5',
219 silly addNameRange     '1.1.6',
219 silly addNameRange     '1.2.0',
219 silly addNameRange     '1.2.1',
219 silly addNameRange     '1.3.0',
219 silly addNameRange     '1.3.1',
219 silly addNameRange     '1.3.2',
219 silly addNameRange     '1.3.3',
219 silly addNameRange     '1.3.4',
219 silly addNameRange     '1.4.0',
219 silly addNameRange     '1.4.1',
219 silly addNameRange     '1.4.2',
219 silly addNameRange     '1.5.0',
219 silly addNameRange     '1.5.1',
219 silly addNameRange     '1.6.0',
219 silly addNameRange     '1.7.0',
219 silly addNameRange     '1.7.1',
219 silly addNameRange     '1.7.2',
219 silly addNameRange     '1.7.3',
219 silly addNameRange     '1.7.4',
219 silly addNameRange     '1.7.5',
219 silly addNameRange     '1.7.6',
219 silly addNameRange     '1.7.7',
219 silly addNameRange     '1.8.0',
219 silly addNameRange     '1.9.0',
219 silly addNameRange     '1.10.0',
219 silly addNameRange     '1.11.0',
219 silly addNameRange     '1.11.1',
219 silly addNameRange     '1.11.2',
219 silly addNameRange     '1.11.3',
219 silly addNameRange     '1.11.4',
219 silly addNameRange     ... 267 more items ] ]
220 silly addNamed @supabase/supabase-js@2.49.4
221 verbose addNamed "2.49.4" is a plain semver version for @supabase/supabase-js
222 silly cache afterAdd @supabase/supabase-js@2.49.4
223 verbose afterAdd /Users/heewonahn/.npm/@supabase/supabase-js/2.49.4/package/package.json not in flight; writing
224 verbose correctMkdir /Users/heewonahn/.npm correctMkdir not in flight; initializing
225 verbose afterAdd /Users/heewonahn/.npm/@supabase/supabase-js/2.49.4/package/package.json written
226 silly rollbackFailedOptional Starting
227 silly rollbackFailedOptional Finishing
228 silly runTopLevelLifecycles Finishing
229 silly install printInstalled
230 verbose stack Error: Unsupported engine for sass@1.86.3: wanted: {"node":">=14.0.0"} (current: {"node":"6.13.1","npm":"3.10.10"})
230 verbose stack     at checkEngine (/Users/heewonahn/opt/anaconda3/lib/node_modules/npm/node_modules/npm-install-checks/index.js:13:14)
230 verbose stack     at module.exports.isInstallable (/Users/heewonahn/opt/anaconda3/lib/node_modules/npm/lib/install/validate-args.js:38:3)
230 verbose stack     at resolveWithNewModule (/Users/heewonahn/opt/anaconda3/lib/node_modules/npm/lib/install/deps.js:511:10)
230 verbose stack     at /Users/heewonahn/opt/anaconda3/lib/node_modules/npm/lib/install/deps.js:454:9
230 verbose stack     at /Users/heewonahn/opt/anaconda3/lib/node_modules/npm/node_modules/iferr/index.js:13:50
230 verbose stack     at /Users/heewonahn/opt/anaconda3/lib/node_modules/npm/lib/fetch-package-metadata.js:37:12
230 verbose stack     at addRequestedAndFinish (/Users/heewonahn/opt/anaconda3/lib/node_modules/npm/lib/fetch-package-metadata.js:67:5)
230 verbose stack     at returnAndAddMetadata (/Users/heewonahn/opt/anaconda3/lib/node_modules/npm/lib/fetch-package-metadata.js:121:7)
230 verbose stack     at pickVersionFromRegistryDocument (/Users/heewonahn/opt/anaconda3/lib/node_modules/npm/lib/fetch-package-metadata.js:146:20)
230 verbose stack     at /Users/heewonahn/opt/anaconda3/lib/node_modules/npm/node_modules/iferr/index.js:13:50
231 verbose pkgid sass@1.86.3
232 verbose cwd /Users/heewonahn/Creative Cloud Files/ Github/daydream-svelte
233 error Darwin 24.3.0
234 error argv "/Users/heewonahn/opt/anaconda3/bin/node" "/Users/heewonahn/opt/anaconda3/bin/npm" "install"
235 error node v6.13.1
236 error npm  v3.10.10
237 error code ENOTSUP
238 error notsup Unsupported engine for sass@1.86.3: wanted: {"node":">=14.0.0"} (current: {"node":"6.13.1","npm":"3.10.10"})
239 error notsup Not compatible with your version of node/npm: sass@1.86.3
240 error notsup Not compatible with your version of node/npm: sass@1.86.3
240 error notsup Required: {"node":">=14.0.0"}
240 error notsup Actual:   {"npm":"3.10.10","node":"6.13.1"}
241 verbose exit [ 1, true ]
